<?xml version="1.0" encoding="UTF-8"?>
<!-- Generated by org.testng.reporters.JUnitReportReporter -->
<testsuite hostname="fc34ba2b37665b9" failures="0" tests="1" name="com.testautomation.TestRunner.TestRunner" time="3.867" errors="0" timestamp="28 Aug 2023 06:17:03 GMT" skipped="0">
  <testcase classname="com.testautomation.TestRunner.TestRunner" name="feature" time="3.867"/>
</testsuite> <!-- com.testautomation.TestRunner.TestRunner -->
