<?xml version="1.0" encoding="UTF-8"?>
<!-- Generated by org.testng.reporters.JUnitReportReporter -->
<testsuite hostname="fc34ba2b37665b9" failures="0" tests="2" name="com.apiautomation.Tests.CaseStudyAPIAutomation" time="3.801" errors="0" timestamp="28 Aug 2023 06:17:03 GMT" skipped="0">
  <testcase classname="com.apiautomation.Tests.CaseStudyAPIAutomation" name="CaseStudyAPIAutomationNegativeScenario" time="3.102"/>
  <testcase classname="com.apiautomation.Tests.CaseStudyAPIAutomation" name="CaseStudyAPIAutomationPositiveScenario" time="0.699"/>
</testsuite> <!-- com.apiautomation.Tests.CaseStudyAPIAutomation -->
